

1
	 WYJĄTEK: Kierownik.WAURL_Pobierz_URL_Produktow(): 
		 Message: Unable to locate element: {method:link text,selector:48}
Stacktrace:
    at FirefoxDriver.prototype.findElementInternal_ (file:///tmp/tmp8wp4e6qt/extensions/fxdriver@googlecode.com/components/driver-component.js:10770)
    at FirefoxDriver.prototype.findElement (file:///tmp/tmp8wp4e6qt/extensions/fxdriver@googlecode.com/components/driver-component.js:10779)
    at DelayedCommand.prototype.executeInternal_/h (file:///tmp/tmp8wp4e6qt/extensions/fxdriver@googlecode.com/components/command-processor.js:12661)
    at DelayedCommand.prototype.executeInternal_ (file:///tmp/tmp8wp4e6qt/extensions/fxdriver@googlecode.com/components/command-processor.js:12666)
    at DelayedCommand.prototype.execute/< (file:///tmp/tmp8wp4e6qt/extensions/fxdriver@googlecode.com/components/command-processor.js:12608) 
		adres strony: https://www.deltaplus.eu/by-protection/-/navigation/po-produktach/ochrona-nog/obuwie/x-large-composite/p/ST15/116693/53242 



2
	 WYJĄTEK: Baza_Danych.Dodaj_Produkt(): 
		 cannot identify image file <_io.BytesIO object at 0x7f966b4dbbf8> 
		 produkt.nazwa: VESTEB 



3
	 WYJĄTEK: Baza_Danych.Dodaj_Produkt(): 
		 cannot identify image file <_io.BytesIO object at 0x7f966b3dbc50> 
		 produkt.nazwa: DMACHGIL 


	 WYJĄTEK: Baza_Danych.Konwertuj_MTM(): 
		 Zawod matching query does not exist. 
		 produkt.nazwa: LAZIO 


	 WYJĄTEK: Baza_Danych.Konwertuj_MTM(): 
		 Zawod matching query does not exist. 
		 produkt.nazwa: ROMA 


	 WYJĄTEK: Baza_Danych.Konwertuj_MTM(): 
		 Zawod matching query does not exist. 
		 produkt.nazwa: DENMARK2 


	 WYJĄTEK: Baza_Danych.Konwertuj_MTM(): 
		 Zawod matching query does not exist. 
		 produkt.nazwa: HEDMARK2 



4
	 WYJĄTEK: Baza_Danych.Dodaj_Produkt(): 
		 cannot identify image file <_io.BytesIO object at 0x7f966aa75ba0> 
		 produkt.nazwa: CHEMSAFE VV835 


	 WYJĄTEK: Baza_Danych.Konwertuj_MTM(): 
		 Zawod matching query does not exist. 
		 produkt.nazwa: DPVV733 


	 WYJĄTEK: Baza_Danych.Konwertuj_MTM(): 
		 Zawod matching query does not exist. 
		 produkt.nazwa: APOLLON VV733 


	 WYJĄTEK: Baza_Danych.Konwertuj_MTM(): 
		 Zawod matching query does not exist. 
		 produkt.nazwa: VE727 


	 WYJĄTEK: Baza_Danych.Konwertuj_MTM(): 
		 Zawod matching query does not exist. 
		 produkt.nazwa: VE729 


	 WYJĄTEK: Baza_Danych.Konwertuj_MTM(): 
		 Zawod matching query does not exist. 
		 produkt.nazwa: VE712GR 


	 WYJĄTEK: Baza_Danych.Konwertuj_MTM(): 
		 Zawod matching query does not exist. 
		 produkt.nazwa: VE722 


	 WYJĄTEK: Baza_Danych.Konwertuj_MTM(): 
		 Zawod matching query does not exist. 
		 produkt.nazwa: VENICUT52 


	 WYJĄTEK: Baza_Danych.Konwertuj_MTM(): 
		 Zawod matching query does not exist. 
		 produkt.nazwa: VENICUT53 


	 WYJĄTEK: Baza_Danych.Konwertuj_MTM(): 
		 Zawod matching query does not exist. 
		 produkt.nazwa: VENICUT5M 


	 WYJĄTEK: Baza_Danych.Konwertuj_MTM(): 
		 Zawod matching query does not exist. 
		 produkt.nazwa: DPVECUT42 


	 WYJĄTEK: Baza_Danych.Konwertuj_MTM(): 
		 Zawod matching query does not exist. 
		 produkt.nazwa: VENICUT42 


	 WYJĄTEK: Baza_Danych.Konwertuj_MTM(): 
		 Zawod matching query does not exist. 
		 produkt.nazwa: VENICUT43G3 


	 WYJĄTEK: Baza_Danych.Konwertuj_MTM(): 
		 Zawod matching query does not exist. 
		 produkt.nazwa: VENICUT44G3 


	 WYJĄTEK: Baza_Danych.Konwertuj_MTM(): 
		 Zawod matching query does not exist. 
		 produkt.nazwa: VENICUT58G3 


	 WYJĄTEK: Baza_Danych.Konwertuj_MTM(): 
		 Zawod matching query does not exist. 
		 produkt.nazwa: DPVE727 


	 WYJĄTEK: Baza_Danych.Konwertuj_MTM(): 
		 Zawod matching query does not exist. 
		 produkt.nazwa: VE702 


	 WYJĄTEK: Baza_Danych.Konwertuj_MTM(): 
		 Zawod matching query does not exist. 
		 produkt.nazwa: VE702GR 



5
	 WYJĄTEK: Baza_Danych.Dodaj_Produkt(): 
		 cannot identify image file <_io.BytesIO object at 0x7f966a96e9e8> 
		 produkt.nazwa: DPVE702P 


	 WYJĄTEK: Baza_Danych.Konwertuj_MTM(): 
		 Zawod matching query does not exist. 
		 produkt.nazwa: DPVE712GR 


	 WYJĄTEK: Baza_Danych.Konwertuj_MTM(): 
		 Zawod matching query does not exist. 
		 produkt.nazwa: TC013 


	 WYJĄTEK: Baza_Danych.Konwertuj_MTM(): 
		 Zawod matching query does not exist. 
		 produkt.nazwa: TC014 


	 WYJĄTEK: Baza_Danych.Konwertuj_MTM(): 
		 Zawod matching query does not exist. 
		 produkt.nazwa: TC022 


	 WYJĄTEK: Baza_Danych.Konwertuj_MTM(): 
		 Zawod matching query does not exist. 
		 produkt.nazwa: RIPLIGHT 2 HA201 


	 WYJĄTEK: Baza_Danych.Konwertuj_MTM(): 
		 Zawod matching query does not exist. 
		 produkt.nazwa: HA203 


	 WYJĄTEK: Baza_Danych.Konwertuj_MTM(): 
		 Zawod matching query does not exist. 
		 produkt.nazwa: LO045200 


	 WYJĄTEK: Baza_Danych.Konwertuj_MTM(): 
		 Zawod matching query does not exist. 
		 produkt.nazwa: LO047100 


	 WYJĄTEK: Baza_Danych.Konwertuj_MTM(): 
		 Zawod matching query does not exist. 
		 produkt.nazwa: LO047150AD 


	 WYJĄTEK: Baza_Danych.Konwertuj_MTM(): 
		 Zawod matching query does not exist. 
		 produkt.nazwa: LO047150 


	 WYJĄTEK: Baza_Danych.Konwertuj_MTM(): 
		 Zawod matching query does not exist. 
		 produkt.nazwa: LO147150CDD 


	 WYJĄTEK: Baza_Danych.Konwertuj_MTM(): 
		 Zawod matching query does not exist. 
		 produkt.nazwa: LO147150 


	 WYJĄTEK: Baza_Danych.Konwertuj_MTM(): 
		 Zawod matching query does not exist. 
		 produkt.nazwa: LO005200 


	 WYJĄTEK: Baza_Danych.Konwertuj_MTM(): 
		 Zawod matching query does not exist. 
		 produkt.nazwa: LO007100 


	 WYJĄTEK: Baza_Danych.Konwertuj_MTM(): 
		 Zawod matching query does not exist. 
		 produkt.nazwa: LO007150CD 


	 WYJĄTEK: Baza_Danych.Konwertuj_MTM(): 
		 Zawod matching query does not exist. 
		 produkt.nazwa: LO007150 


	 WYJĄTEK: Baza_Danych.Konwertuj_MTM(): 
		 Zawod matching query does not exist. 
		 produkt.nazwa: LO030 


	 WYJĄTEK: Baza_Danych.Konwertuj_MTM(): 
		 Zawod matching query does not exist. 
		 produkt.nazwa: LO031 


	 WYJĄTEK: Baza_Danych.Konwertuj_MTM(): 
		 Zawod matching query does not exist. 
		 produkt.nazwa: LO032 


	 WYJĄTEK: Baza_Danych.Konwertuj_MTM(): 
		 Zawod matching query does not exist. 
		 produkt.nazwa: LV504A 


	 WYJĄTEK: Baza_Danych.Konwertuj_MTM(): 
		 Zawod matching query does not exist. 
		 produkt.nazwa: LV506A 


	 WYJĄTEK: Baza_Danych.Konwertuj_MTM(): 
		 Zawod matching query does not exist. 
		 produkt.nazwa: AM007100 


	 WYJĄTEK: Baza_Danych.Konwertuj_MTM(): 
		 Zawod matching query does not exist. 
		 produkt.nazwa: LV100 


	 WYJĄTEK: Baza_Danych.Konwertuj_MTM(): 
		 Zawod matching query does not exist. 
		 produkt.nazwa: LV102100 


	 WYJĄTEK: Baza_Danych.Konwertuj_MTM(): 
		 Zawod matching query does not exist. 
		 produkt.nazwa: LV102150 


	 WYJĄTEK: Baza_Danych.Konwertuj_MTM(): 
		 Zawod matching query does not exist. 
		 produkt.nazwa: LV105 


	 WYJĄTEK: Baza_Danych.Konwertuj_MTM(): 
		 Zawod matching query does not exist. 
		 produkt.nazwa: EX030200 


	 WYJĄTEK: Baza_Danych.Konwertuj_MTM(): 
		 Zawod matching query does not exist. 
		 produkt.nazwa: EX030400 


	 WYJĄTEK: Baza_Danych.Konwertuj_MTM(): 
		 Zawod matching query does not exist. 
		 produkt.nazwa: EX118200A 



6
	 WYJĄTEK: Baza_Danych.Dodaj_Produkt(): 
		 cannot identify image file <_io.BytesIO object at 0x7f966a95f3b8> 
		 produkt.nazwa: LV900 



7
	 WYJĄTEK: Baza_Danych.Dodaj_Produkt(): 
		 cannot identify image file <_io.BytesIO object at 0x7f966a95fd58> 
		 produkt.nazwa: LV902 



8
	 WYJĄTEK: Baza_Danych.Dodaj_Produkt(): 
		 cannot identify image file <_io.BytesIO object at 0x7f966a95f938> 
		 produkt.nazwa: LV905 



9
	 WYJĄTEK: Baza_Danych.Dodaj_Produkt(): 
		 cannot identify image file <_io.BytesIO object at 0x7f966a96e990> 
		 produkt.nazwa: LV906 



10
	 WYJĄTEK: Baza_Danych.Dodaj_Produkt(): 
		 cannot identify image file <_io.BytesIO object at 0x7f966a9394c0> 
		 produkt.nazwa: LV910 



11
	 WYJĄTEK: Baza_Danych.Dodaj_Produkt(): 
		 cannot identify image file <_io.BytesIO object at 0x7f966a8f4620> 
		 produkt.nazwa: LV911 



12
	 WYJĄTEK: Baza_Danych.Dodaj_Produkt(): 
		 cannot identify image file <_io.BytesIO object at 0x7f966a939f68> 
		 produkt.nazwa: LV945 



13
	 WYJĄTEK: Baza_Danych.Dodaj_Produkt(): 
		 cannot identify image file <_io.BytesIO object at 0x7f966a9978e0> 
		 produkt.nazwa: LV990 



14
	 WYJĄTEK: Baza_Danych.Dodaj_Produkt(): 
		 cannot identify image file <_io.BytesIO object at 0x7f966a95f0a0> 
		 produkt.nazwa: LV601 



15
	 WYJĄTEK: Baza_Danych.Dodaj_Produkt(): 
		 cannot identify image file <_io.BytesIO object at 0x7f966a95f728> 
		 produkt.nazwa: LV614 



16
	 WYJĄTEK: Baza_Danych.Dodaj_Produkt(): 
		 cannot identify image file <_io.BytesIO object at 0x7f966a95f518> 
		 produkt.nazwa: LV616 



17
	 WYJĄTEK: Baza_Danych.Dodaj_Produkt(): 
		 cannot identify image file <_io.BytesIO object at 0x7f966a8f4620> 
		 produkt.nazwa: LV622 



18
	 WYJĄTEK: Baza_Danych.Dodaj_Produkt(): 
		 cannot identify image file <_io.BytesIO object at 0x7f966a95f830> 
		 produkt.nazwa: LV643 


	 WYJĄTEK: Baza_Danych.Konwertuj_MTM(): 
		 Zawod matching query does not exist. 
		 produkt.nazwa: AM002X5 


	 WYJĄTEK: Baza_Danych.Konwertuj_MTM(): 
		 Zawod matching query does not exist. 
		 produkt.nazwa: AM006 


	 WYJĄTEK: Baza_Danych.Konwertuj_MTM(): 
		 Zawod matching query does not exist. 
		 produkt.nazwa: AM018 


	 WYJĄTEK: Baza_Danych.Konwertuj_MTM(): 
		 Zawod matching query does not exist. 
		 produkt.nazwa: TRBAG 


	 WYJĄTEK: Baza_Danych.Konwertuj_MTM(): 
		 Zawod matching query does not exist. 
		 produkt.nazwa: CAMELEON AN066A 


	 WYJĄTEK: Baza_Danych.Konwertuj_MTM(): 
		 Zawod matching query does not exist. 
		 produkt.nazwa: CAMELEON AN066 


	 WYJĄTEK: Baza_Danych.Konwertuj_MTM(): 
		 Zawod matching query does not exist. 
		 produkt.nazwa: AN401 


	 WYJĄTEK: Baza_Danych.Konwertuj_MTM(): 
		 Zawod matching query does not exist. 
		 produkt.nazwa: AN410 


	 WYJĄTEK: Baza_Danych.Konwertuj_MTM(): 
		 Zawod matching query does not exist. 
		 produkt.nazwa: AN420 


	 WYJĄTEK: Baza_Danych.Konwertuj_MTM(): 
		 Zawod matching query does not exist. 
		 produkt.nazwa: AN430 


	 WYJĄTEK: Baza_Danych.Konwertuj_MTM(): 
		 Zawod matching query does not exist. 
		 produkt.nazwa: TC009 


	 WYJĄTEK: Baza_Danych.Konwertuj_MTM(): 
		 Zawod matching query does not exist. 
		 produkt.nazwa: ASCORD AN060 


	 WYJĄTEK: Baza_Danych.Konwertuj_MTM(): 
		 Zawod matching query does not exist. 
		 produkt.nazwa: AN315 


	 WYJĄTEK: Baza_Danych.Konwertuj_MTM(): 
		 Zawod matching query does not exist. 
		 produkt.nazwa: AN317 


	 WYJĄTEK: Baza_Danych.Konwertuj_MTM(): 
		 Zawod matching query does not exist. 
		 produkt.nazwa: AN319 



19
	 WYJĄTEK: Baza_Danych.Dodaj_Produkt(): 
		 cannot identify image file <_io.BytesIO object at 0x7f966a8f4200> 
		 produkt.nazwa: ELARA340 



20
	 WYJĄTEK: Baza_Danych.Dodaj_Produkt(): 
		 cannot identify image file <_io.BytesIO object at 0x7f966a9972b0> 
		 produkt.nazwa: ELARA350 



21
	 WYJĄTEK: Baza_Danych.Dodaj_Produkt(): 
		 cannot identify image file <_io.BytesIO object at 0x7f966a8f47d8> 
		 produkt.nazwa: ELARA390 


	 WYJĄTEK: Baza_Danych.Konwertuj_MTM(): 
		 Zawod matching query does not exist. 
		 produkt.nazwa: ELARA320 


	 WYJĄTEK: Baza_Danych.Konwertuj_MTM(): 
		 Zawod matching query does not exist. 
		 produkt.nazwa: AN235200PR 


	 WYJĄTEK: Baza_Danych.Konwertuj_MTM(): 
		 Zawod matching query does not exist. 
		 produkt.nazwa: AN240CDD 


	 WYJĄTEK: Baza_Danych.Konwertuj_MTM(): 
		 Zawod matching query does not exist. 
		 produkt.nazwa: AN245200PRR 


	 WYJĄTEK: Baza_Danych.Konwertuj_MTM(): 
		 Zawod matching query does not exist. 
		 produkt.nazwa: AN218RCDD 


	 WYJĄTEK: Baza_Danych.Konwertuj_MTM(): 
		 Zawod matching query does not exist. 
		 produkt.nazwa: AN218150CCC 


	 WYJĄTEK: Baza_Danych.Konwertuj_MTM(): 
		 Zawod matching query does not exist. 
		 produkt.nazwa: AN211200CCC 


	 WYJĄTEK: Baza_Danych.Konwertuj_MTM(): 
		 Zawod matching query does not exist. 
		 produkt.nazwa: AN211200CDD 


	 WYJĄTEK: Baza_Danych.Konwertuj_MTM(): 
		 Zawod matching query does not exist. 
		 produkt.nazwa: AN213200CCC 


	 WYJĄTEK: Baza_Danych.Konwertuj_MTM(): 
		 Zawod matching query does not exist. 
		 produkt.nazwa: AN213200CDD 


	 WYJĄTEK: Baza_Danych.Konwertuj_MTM(): 
		 Zawod matching query does not exist. 
		 produkt.nazwa: ASCAB AN070 


	 WYJĄTEK: Baza_Danych.Konwertuj_MTM(): 
		 Zawod matching query does not exist. 
		 produkt.nazwa: LDVV 



22
	 WYJĄTEK: Baza_Danych.Dodaj_Produkt(): 
		 cannot identify image file <_io.BytesIO object at 0x7f966a8d5938> 
		 produkt.nazwa: LDVV 


	 WYJĄTEK: Baza_Danych.Konwertuj_MTM(): 
		 Zawod matching query does not exist. 
		 produkt.nazwa: MINIBLOC AN102 


	 WYJĄTEK: Baza_Danych.Konwertuj_MTM(): 
		 Zawod matching query does not exist. 
		 produkt.nazwa: FIXBLOC AN105 


	 WYJĄTEK: Baza_Danych.Konwertuj_MTM(): 
		 Zawod matching query does not exist. 
		 produkt.nazwa: MEDBLOC AN13006C 


	 WYJĄTEK: Baza_Danych.Konwertuj_MTM(): 
		 Zagrozenie matching query does not exist. 
		 produkt.nazwa: PROTECTOR TETRA AN15015F 


	 WYJĄTEK: Baza_Danych.Konwertuj_MTM(): 
		 Zawod matching query does not exist. 
		 produkt.nazwa: ANATOM HAR32 


	 WYJĄTEK: Baza_Danych.Konwertuj_MTM(): 
		 Zawod matching query does not exist. 
		 produkt.nazwa: EOLIEN HAR35 


	 WYJĄTEK: Baza_Danych.Konwertuj_MTM(): 
		 Zawod matching query does not exist. 
		 produkt.nazwa: HAR14 


	 WYJĄTEK: Baza_Danych.Konwertuj_MTM(): 
		 Zawod matching query does not exist. 
		 produkt.nazwa: GALAGO HAR35TC 


	 WYJĄTEK: Baza_Danych.Konwertuj_MTM(): 
		 Zawod matching query does not exist. 
		 produkt.nazwa: JAGUAR HAR36TCP 


	 WYJĄTEK: Baza_Danych.Konwertuj_MTM(): 
		 Zawod matching query does not exist. 
		 produkt.nazwa: TC001 


	 WYJĄTEK: Baza_Danych.Konwertuj_MTM(): 
		 Zawod matching query does not exist. 
		 produkt.nazwa: TC002 


	 WYJĄTEK: Baza_Danych.Konwertuj_MTM(): 
		 Zawod matching query does not exist. 
		 produkt.nazwa: TC003 


	 WYJĄTEK: Baza_Danych.Konwertuj_MTM(): 
		 Zawod matching query does not exist. 
		 produkt.nazwa: TC004 


	 WYJĄTEK: Baza_Danych.Konwertuj_MTM(): 
		 Zawod matching query does not exist. 
		 produkt.nazwa: TC005 


	 WYJĄTEK: Baza_Danych.Konwertuj_MTM(): 
		 Zawod matching query does not exist. 
		 produkt.nazwa: DESCORD TC006 


	 WYJĄTEK: Baza_Danych.Konwertuj_MTM(): 
		 Zawod matching query does not exist. 
		 produkt.nazwa: TC012 


	 WYJĄTEK: Baza_Danych.Konwertuj_MTM(): 
		 Zawod matching query does not exist. 
		 produkt.nazwa: TC015 


	 WYJĄTEK: Baza_Danych.Konwertuj_MTM(): 
		 Zawod matching query does not exist. 
		 produkt.nazwa: TC016 


	 WYJĄTEK: Baza_Danych.Konwertuj_MTM(): 
		 Zawod matching query does not exist. 
		 produkt.nazwa: TC025 


	 WYJĄTEK: Baza_Danych.Konwertuj_MTM(): 
		 Zawod matching query does not exist. 
		 produkt.nazwa: TC029 


	 WYJĄTEK: Baza_Danych.Konwertuj_MTM(): 
		 Zawod matching query does not exist. 
		 produkt.nazwa: TC040 


	 WYJĄTEK: Baza_Danych.Konwertuj_MTM(): 
		 Zawod matching query does not exist. 
		 produkt.nazwa: TC044 


	 WYJĄTEK: Baza_Danych.Konwertuj_MTM(): 
		 Zawod matching query does not exist. 
		 produkt.nazwa: GRANITE PEAK 


	 WYJĄTEK: Baza_Danych.Konwertuj_MTM(): 
		 Zawod matching query does not exist. 
		 produkt.nazwa: GRANITE WIND 


	 WYJĄTEK: Baza_Danych.Konwertuj_MTM(): 
		 Zawod matching query does not exist. 
		 produkt.nazwa: FILTER 11 


	 WYJĄTEK: Baza_Danych.Konwertuj_MTM(): 
		 Zawod matching query does not exist. 
		 produkt.nazwa: FILTER-IN 


	 WYJĄTEK: Baza_Danych.Konwertuj_MTM(): 
		 Zawod matching query does not exist. 
		 produkt.nazwa: FUJI2 


	 WYJĄTEK: Baza_Danych.Konwertuj_MTM(): 
		 Zawod matching query does not exist. 
		 produkt.nazwa: FUJI2 GRADIENT 


	 WYJĄTEK: Baza_Danych.Konwertuj_MTM(): 
		 Zawod matching query does not exist. 
		 produkt.nazwa: KILAUEA POLARISED 


	 WYJĄTEK: Baza_Danych.Konwertuj_MTM(): 
		 Zawod matching query does not exist. 
		 produkt.nazwa: PACAYA CLEAR STRAP 


	 WYJĄTEK: Baza_Danych.Konwertuj_MTM(): 
		 Zawod matching query does not exist. 
		 produkt.nazwa: M3FP1 



23
	 WYJĄTEK: Baza_Danych.Dodaj_Produkt(): 
		 cannot identify image file <_io.BytesIO object at 0x7f966a6adc50> 
		 produkt.nazwa: MIAMI S1P SRC 

